TN:
SF:routes.js
FNF:0
FNH:0
DA:1,1
DA:2,1
DA:3,1
DA:5,1
DA:6,1
DA:7,1
DA:8,1
DA:9,1
DA:11,1
LF:9
LH:9
BRF:0
BRH:0
end_of_record
TN:
SF:server.js
FN:14,(anonymous_0)
FN:20,(anonymous_1)
FN:25,(anonymous_2)
FNF:3
FNH:1
FNDA:0,(anonymous_0)
FNDA:0,(anonymous_1)
FNDA:1,(anonymous_2)
DA:1,1
DA:2,1
DA:3,1
DA:4,1
DA:5,1
DA:7,1
DA:14,0
DA:16,1
DA:18,1
DA:20,1
DA:21,0
DA:25,1
DA:26,1
DA:33,1
LF:14
LH:12
BRF:0
BRH:0
end_of_record
TN:
SF:controller/products.js
FN:3,(anonymous_0)
FN:12,(anonymous_1)
FN:21,(anonymous_2)
FN:34,(anonymous_3)
FN:52,(anonymous_4)
FNF:5
FNH:5
FNDA:6,(anonymous_0)
FNDA:5,(anonymous_1)
FNDA:6,(anonymous_2)
FNDA:5,(anonymous_3)
FNDA:6,(anonymous_4)
DA:1,2
DA:3,2
DA:4,6
DA:5,6
DA:6,4
DA:8,2
DA:12,2
DA:13,5
DA:14,5
DA:15,4
DA:17,1
DA:21,2
DA:22,6
DA:23,6
DA:24,5
DA:25,2
DA:27,3
DA:30,1
DA:34,2
DA:35,5
DA:36,5
DA:41,4
DA:42,2
DA:44,2
DA:47,1
DA:52,2
DA:53,6
DA:54,6
DA:55,5
DA:56,2
DA:58,3
DA:61,1
LF:32
LH:32
BRDA:24,0,0,2
BRDA:24,0,1,3
BRDA:41,1,0,2
BRDA:41,1,1,2
BRDA:55,2,0,2
BRDA:55,2,1,3
BRF:6
BRH:6
end_of_record
TN:
SF:models/Product.js
FNF:0
FNH:0
DA:1,2
DA:3,2
DA:17,2
DA:19,2
LF:4
LH:4
BRF:0
BRH:0
end_of_record
